[31m[1m23:51:08[22m [ERROR][39m [31m[UnknownFilesystemError][39m 
  [1mHint:[22m
[33m    It can be caused by many things, eg. missing permissions or a file not existing we attempt to read. Check the error cause for more details.[39m
  [1mError reference:[22m
    [36m[4mhttps://docs.astro.build/en/reference/errors/unknown-filesystem-error/[24m[39m
  [1mStack trace:[22m
[2m    at C:\Users\bimal\source\rattus-norvegicus\node_modules\astro\dist\content\mutable-data-store.js:367:13
    [...] See full stack trace in the browser, or rerun with --verbose.[22m
  [1mCaused by:[22m
[2m  EPERM: operation not permitted, rename 'C:\Users\bimal\source\rattus-norvegicus\.astro\data-store.json.tmp' -> 'C:\Users\bimal\source\rattus-norvegicus\.astro\data-store.json'
    at async Object.rename (node:internal/fs/promises:781:10)
    [...] See full stack trace in the browser, or rerun with --verbose.[22m
[31m[1m23:58:24[22m [ERROR][39m [31m[UnknownFilesystemError][39m 
  [1mHint:[22m
[33m    It can be caused by many things, eg. missing permissions or a file not existing we attempt to read. Check the error cause for more details.[39m
  [1mError reference:[22m
    [36m[4mhttps://docs.astro.build/en/reference/errors/unknown-filesystem-error/[24m[39m
  [1mStack trace:[22m
[2m    at C:\Users\bimal\source\rattus-norvegicus\node_modules\astro\dist\content\mutable-data-store.js:367:13
    [...] See full stack trace in the browser, or rerun with --verbose.[22m
  [1mCaused by:[22m
[2m  EPERM: operation not permitted, rename 'C:\Users\bimal\source\rattus-norvegicus\.astro\data-store.json.tmp' -> 'C:\Users\bimal\source\rattus-norvegicus\.astro\data-store.json'
    at async Object.rename (node:internal/fs/promises:781:10)
    [...] See full stack trace in the browser, or rerun with --verbose.[22m
